<?xml version="1.0" encoding="utf-8"?><testsuites><testsuite name="pytest" errors="0" failures="0" skipped="0" tests="129" time="35.922" timestamp="2026-09-03T03:04:52.945231" hostname="DESKTOP-KA11CHH"><testcase classname="src.arena_vehicle_interface.test.test_encoder_timing" name="test_encoder_uses_source_capture_time_not_ros_arrival_time" time="0.000" /><testcase classname="src.arena_vehicle_interface.test.test_encoder_timing" name="test_encoder_clock_rewind_discards_old_history_and_delayed_samples" time="0.000" /><testcase classname="src.arena_vehicle_interface.test.test_encoder_timing" name="test_encoder_rejects_nonfinite_joint_positions" time="0.000" /><testcase classname="src.arena_vehicle_interface.test.test_interfaces" name="test_command_clamp_respects_both_limits" time="0.000" /><testcase classname="src.arena_vehicle_interface.test.test_interfaces" name="test_quarter_turn_quantizes_to_expected_count" time="0.000" /><testcase classname="src.arena_vehicle_interface.test.test_interfaces" name="test_tick_velocity_uses_quantized_delta" time="0.000" /><testcase classname="src.arena_vehicle_interface.test.test_interfaces" name="test_invalid_encoder_resolution_is_rejected" time="0.000" /><testcase classname="src.arena_vehicle_interface.test.test_lifecycle" name="test_stop_signal_finishes_spin_before_cleanup" time="0.000" /><testcase classname="src.arena_vehicle_interface.test.test_lifecycle" name="test_real_callback_error_is_not_hidden" time="0.001" /><testcase classname="tests.test_basic_autonomy" name="test_depth_can_be_disabled_without_removing_rgb_lidar_or_imu" time="0.085" /><testcase classname="tests.test_basic_autonomy" name="test_c1_nominal_scan_and_provisional_mount" time="0.047" /><testcase classname="tests.test_basic_autonomy" name="test_speed_limits_remain_without_oscillating_jerk_clamp" time="0.058" /><testcase classname="tests.test_basic_autonomy" name="test_green_without_observed_red_or_green_grass_does_not_start" time="0.047" /><testcase classname="tests.test_basic_autonomy" name="test_red_then_consecutive_green_latches_continuous_running" time="0.016" /><testcase classname="tests.test_basic_autonomy" name="test_wall_fit_mirrors_and_recovers_from_small_pole_outlier" time="0.002" /><testcase classname="tests.test_basic_autonomy" name="test_missing_wall_and_close_obstacle_stop" time="0.000" /><testcase classname="tests.test_basic_autonomy" name="test_scan_invalid_values_are_not_obstacles_or_free_space_samples" time="0.000" /><testcase classname="tests.test_basic_autonomy" name="test_runtime_autonomy_has_no_ground_truth_or_map_input" time="0.003" /><testcase classname="tests.test_basic_autonomy" name="test_aruco_gate_id_is_read_from_pixels" time="0.001" /><testcase classname="tests.test_basic_autonomy" name="test_controller_stops_without_fresh_inputs_and_permission[stale_scan]" time="0.001" /><testcase classname="tests.test_basic_autonomy" name="test_controller_stops_without_fresh_inputs_and_permission[stale_image]" time="0.000" /><testcase classname="tests.test_basic_autonomy" name="test_controller_stops_without_fresh_inputs_and_permission[stalled_transport]" time="0.000" /><testcase classname="tests.test_basic_autonomy" name="test_controller_stops_without_fresh_inputs_and_permission[disabled]" time="0.000" /><testcase classname="tests.test_basic_autonomy" name="test_controller_stops_without_fresh_inputs_and_permission[no_green]" time="0.000" /><testcase classname="tests.test_basic_autonomy" name="test_late_image_is_ignored_without_clearing_start_permission" time="0.000" /><testcase classname="tests.test_basic_autonomy" name="test_validator_forwards_shutdown_without_inherited_terminal" time="0.011" /><testcase classname="tests.test_basic_autonomy" name="test_validator_detects_early_permission_and_speed_independent_of_run_state[red-0.0-autonomy0-True]" time="0.000" /><testcase classname="tests.test_basic_autonomy" name="test_validator_detects_early_permission_and_speed_independent_of_run_state[yellow-0.02-autonomy1-True]" time="0.000" /><testcase classname="tests.test_basic_autonomy" name="test_validator_detects_early_permission_and_speed_independent_of_run_state[unknown-0.0-autonomy2-True]" time="0.000" /><testcase classname="tests.test_basic_autonomy" name="test_validator_detects_early_permission_and_speed_independent_of_run_state[red-0.0-autonomy3-False]" time="0.001" /><testcase classname="tests.test_basic_autonomy" name="test_validator_detects_early_permission_and_speed_independent_of_run_state[green-0.2-autonomy4-False]" time="0.000" /><testcase classname="tests.test_d435i_model" name="test_official_nominal_stream_profiles_are_explicit" time="0.012" /><testcase classname="tests.test_d435i_model" name="test_default_model_uses_separate_color_and_depth_sensors" time="0.043" /><testcase classname="tests.test_d435i_model" name="test_launch_profile_names_and_intrinsic_calculation_match_config" time="0.132" /><testcase classname="tests.test_d435i_model" name="test_sensor_bridges_use_separate_info_topics_and_lazy_pointcloud" time="0.007" /><testcase classname="tests.test_drivetrain_model" name="test_default_is_one_motor_force_drive_and_legacy_is_explicit" time="0.086" /><testcase classname="tests.test_drivetrain_model" name="test_mass_and_geometry_survive_sensor_rendering_toggle" time="0.111" /><testcase classname="tests.test_drivetrain_model" name="test_wheel_friction_axes_and_speed_allow_twenty_kmh_without_forcing_it" time="0.037" /><testcase classname="tests.test_drivetrain_model" name="test_launch_passes_selected_differential_and_rejects_bad_efficiency" time="0.159" /><testcase classname="tests.test_experimental_facilities" name="test_bump_is_a_closed_smooth_profile_with_correct_axes" time="0.046" /><testcase classname="tests.test_experimental_facilities" name="test_bump_collision_top_edges_follow_rendered_curve" time="0.054" /><testcase classname="tests.test_experimental_facilities" name="test_signal_spans_road_and_only_red_is_lit" time="0.000" /><testcase classname="tests.test_experimental_facilities" name="test_bump_obj_has_explicit_face_normals_and_colored_materials" time="0.049" /><testcase classname="tests.test_experimental_facilities" name="test_all_six_grid_marks_and_finish_are_above_road_and_not_collisions" time="0.001" /><testcase classname="tests.test_experimental_facilities" name="test_freestanding_marker_cells_are_correct_and_not_mirrored[0]" time="0.003" /><testcase classname="tests.test_experimental_facilities" name="test_freestanding_marker_cells_are_correct_and_not_mirrored[20]" time="0.002" /><testcase classname="tests.test_experimental_facilities" name="test_freestanding_marker_cells_are_correct_and_not_mirrored[30]" time="0.002" /><testcase classname="tests.test_experimental_facilities" name="test_freestanding_marker_cells_are_correct_and_not_mirrored[45]" time="0.002" /><testcase classname="tests.test_experimental_facilities" name="test_light_lenses_fit_nominal_rgb_frustum_from_all_grid_slots" time="0.012" /><testcase classname="tests.test_experimental_facilities" name="test_visibility_cases_cover_all_slots_and_marker_approaches" time="0.000" /><testcase classname="tests.test_lidar_control_lab.LidarLabTests" name="test_circle_inner_edge_not_only_corners" time="0.001" /><testcase classname="tests.test_lidar_control_lab.LidarLabTests" name="test_controller_has_no_truth_or_route_dependency" time="0.007" /><testcase classname="tests.test_lidar_control_lab.LidarLabTests" name="test_duration_breaks_on_sample_gaps" time="0.000" /><testcase classname="tests.test_lidar_control_lab.LidarLabTests" name="test_empty_trace_is_not_pass" time="0.000" /><testcase classname="tests.test_lidar_control_lab.LidarLabTests" name="test_lab_world_keeps_original_and_uses_collisions" time="0.034" /><testcase classname="tests.test_lidar_control_lab.LidarLabTests" name="test_speed_peak_without_sustained_dwell_is_not_pass" time="0.004" /><testcase classname="tests.test_lidar_control_lab.LidarLabTests" name="test_straight_footprint_and_heading" time="0.000" /><testcase classname="tests.test_lidar_shutdown" name="test_sigint_only_goes_to_launch" time="0.000" /><testcase classname="tests.test_lidar_shutdown" name="test_timeout_escalates_only_after_parent_signal" time="0.000" /><testcase classname="tests.test_lidar_shutdown" name="test_parent_success_cannot_hide_child_failure" time="0.000" /><testcase classname="tests.test_lidar_shutdown" name="test_missing_child_exit_or_empty_log_is_not_clean" time="0.000" /><testcase classname="tests.test_official_load_audit" name="test_raw_zip_bytes_and_all_files_are_preserved" time="1.003" /><testcase classname="tests.test_official_load_audit" name="test_path_change_does_not_hide_required_name_failure" time="0.011" /><testcase classname="tests.test_official_load_audit" name="test_script_removal_does_not_fix_the_pbr_path" time="0.009" /><testcase classname="tests.test_official_load_audit" name="test_material_controls_keep_every_non_material_field" time="0.093" /><testcase classname="tests.test_official_load_audit" name="test_link_merge_changes_no_geometry_or_contact_surface" time="0.115" /><testcase classname="tests.test_official_load_audit" name="test_preparation_will_not_overwrite_an_existing_run" time="0.001" /><testcase classname="tests.test_official_load_audit" name="test_prepared_report_is_machine_readable" time="0.000" /><testcase classname="tests.test_official_load_audit" name="test_log_sanitizing_keeps_truncated_escape_visible_and_hides_personal_paths" time="0.000" /><testcase classname="tests.test_official_load_audit" name="test_sequential_fix_keeps_geometry_and_changes_one_cause_at_a_time" time="1.550" /><testcase classname="tests.test_official_track" name="test_pinned_official_release_is_preserved" time="0.011" /><testcase classname="tests.test_official_track" name="test_official_runtime_hash_manifest_is_current" time="0.553" /><testcase classname="tests.test_official_track" name="test_vehicle_change_invalidates_official_clearance_report" time="0.031" /><testcase classname="tests.test_official_track" name="test_official_geometry_and_classification_are_explicit" time="0.007" /><testcase classname="tests.test_official_track" name="test_course_markers_follow_print_sheet_and_use_documented_angled_wall_brackets" time="0.072" /><testcase classname="tests.test_official_track" name="test_only_official_walls_carry_track_friction_coefficients" time="0.072" /><testcase classname="tests.test_official_track" name="test_official_filled_starting_grid_visuals_are_preserved_without_provisional_numbers" time="0.124" /><testcase classname="tests.test_official_track" name="test_runtime_facility_metadata_matches_geometry_and_selected_start_line" time="0.073" /><testcase classname="tests.test_rear_identification_marker" name="test_rear_marker_configuration_is_explicit_and_does_not_reuse_course_ids" time="0.047" /><testcase classname="tests.test_rear_identification_marker" name="test_rear_marker_visual_encodes_dictionary_id_10_without_changing_collision_shape" time="0.076" /><testcase classname="tests.test_tof_ring" name="test_tof_ring_uses_six_multizone_modules_and_two_profiles" time="0.012" /><testcase classname="tests.test_tof_ring" name="test_lidar_rate_override_is_explicit_and_bounded" time="0.015" /><testcase classname="tests.test_tof_ring" name="test_nominal_bearing_intervals_tile_360_but_do_not_prove_spatial_coverage" time="0.011" /><testcase classname="tests.test_tof_ring" name="test_optical_centers_and_carrier_proxy_fit_the_confirmed_planar_envelope" time="0.012" /><testcase classname="tests.test_tof_ring" name="test_default_sdf_has_six_3d_tof_grids_and_separate_point_topics" time="0.047" /><testcase classname="tests.test_tof_ring" name="test_4x4_profile_and_disabled_model_are_selectable" time="0.065" /><testcase classname="tests.test_tof_ring" name="test_launch_validates_profiles_coverage_and_vl53l7cx_rate_limits" time="0.017" /><testcase classname="tests.test_tof_ring" name="test_launch_bridges_only_the_multizone_pointcloud_representation" time="0.003" /><testcase classname="tests.test_tof_ring" name="test_chassis_visual_inset_does_not_shrink_collision_or_mass" time="0.061" /><testcase classname="tests.test_tof_ring" name="test_invalid_tof_config_is_rejected_instead_of_silently_using_xacro_defaults[&lt;lambda&gt;-module names]" time="0.016" /><testcase classname="tests.test_tof_ring" name="test_invalid_tof_config_is_rejected_instead_of_silently_using_xacro_defaults[&lt;lambda&gt;-unique topic]" time="0.016" /><testcase classname="tests.test_tof_ring" name="test_invalid_tof_config_is_rejected_instead_of_silently_using_xacro_defaults[&lt;lambda&gt;-range limits]" time="0.016" /><testcase classname="tests.test_tof_ring" name="test_invalid_tof_config_is_rejected_instead_of_silently_using_xacro_defaults[&lt;lambda&gt;-horizontal_fov]" time="0.016" /><testcase classname="tests.test_tof_ring" name="test_fractional_zone_counts_are_not_silently_truncated" time="0.017" /><testcase classname="tests.test_tof_ring" name="test_low_target_checker_rejects_ground_and_preserves_pointcloud_row_padding" time="0.007" /><testcase classname="tests.test_tof_safety" name="test_cloud_fields_endian_row_padding_and_invalid[False]" time="0.001" /><testcase classname="tests.test_tof_safety" name="test_cloud_fields_endian_row_padding_and_invalid[True]" time="0.000" /><testcase classname="tests.test_tof_safety" name="test_nominal_sensor_transform_and_ground_rejection" time="0.001" /><testcase classname="tests.test_tof_safety" name="test_swept_turn_sees_side_obstacle_without_stopping_for_distant_parallel_wall" time="0.001" /><testcase classname="tests.test_tof_safety" name="test_stopping_speed_bound_has_latency_and_braking" time="0.000" /><testcase classname="tests.test_tof_safety" name="test_clear_space_still_respects_limited_low_target_detection_range" time="0.000" /><testcase classname="tests.test_tof_safety" name="test_fail_closed_without_fresh_inputs[missing]" time="0.000" /><testcase classname="tests.test_tof_safety" name="test_fail_closed_without_fresh_inputs[stale]" time="0.000" /><testcase classname="tests.test_tof_safety" name="test_fail_closed_without_fresh_inputs[encoder]" time="0.000" /><testcase classname="tests.test_tof_safety" name="test_fail_closed_without_fresh_inputs[command]" time="0.000" /><testcase classname="tests.test_tof_safety" name="test_fail_closed_without_fresh_inputs[future]" time="0.000" /><testcase classname="tests.test_tof_safety" name="test_fail_closed_without_fresh_inputs[transport]" time="0.000" /><testcase classname="tests.test_tof_safety" name="test_close_obstacle_latches_and_does_not_resume_on_one_clear_frame" time="0.000" /><testcase classname="tests.test_tof_safety" name="test_direction_reversal_brakes_current_motion_first" time="0.000" /><testcase classname="tests.test_tof_safety" name="test_safety_node_never_uses_simulator_truth_or_map" time="0.003" /><testcase classname="tests.test_track_straights" name="test_straight_crossing_csv_origin_is_not_split" time="0.000" /><testcase classname="tests.test_track_straights" name="test_original_and_experimental_share_long_straight_geometry" time="0.254" /><testcase classname="tests.test_track_straights" name="test_degenerate_or_invalid_inputs_are_rejected" time="0.000" /><testcase classname="tests.test_track_variants" name="test_original_archive_and_all_extracted_files_preserved" time="0.264" /><testcase classname="tests.test_track_variants" name="test_design_changes_only_widths_and_documented_marker_side" time="0.010" /><testcase classname="tests.test_track_variants" name="test_invalid_profile_is_rejected[main_width_m--1]" time="0.007" /><testcase classname="tests.test_track_variants" name="test_invalid_profile_is_rejected[main_width_m-nan]" time="0.007" /><testcase classname="tests.test_track_variants" name="test_invalid_profile_is_rejected[branch_widths_m-value2]" time="0.008" /><testcase classname="tests.test_track_variants" name="test_invalid_profile_is_rejected[branch_widths_m-value3]" time="0.007" /><testcase classname="tests.test_track_variants" name="test_centerline_coordinates_and_distances_are_identical" time="0.053" /><testcase classname="tests.test_track_variants" name="test_grid_and_marker_identity_are_preserved" time="0.033" /><testcase classname="tests.test_track_variants" name="test_all_generated_output_hashes_match" time="0.094" /><testcase classname="tests.test_track_variants" name="test_static_vehicle_clearance_on_actual_world" time="0.439" /><testcase classname="tests.test_track_variants" name="test_reverting_marker_override_exposes_obstruction" time="0.076" /><testcase classname="tests.test_track_variants" name="test_original_runtime_world_geometry_is_unchanged" time="0.416" /><testcase classname="tests.test_track_variants" name="test_original_world_cannot_be_overwritten_by_experimental" time="0.031" /><testcase classname="tests.test_track_variants" name="test_organizer_assets_cannot_be_used_as_output" time="0.021" /><testcase classname="tests.test_track_variants" name="test_vehicle_dimensions_and_steered_envelope" time="0.119" /><testcase classname="tests.test_track_variants" name="test_launch_exposes_official_and_legacy_profiles" time="0.036" /></testsuite></testsuites>